# JRE version: Java(TM) SE Runtime Environment (8.0_241-b07) (build 1.8.0_241-b07)
# Java VM: Java HotSpot(TM) 64-Bit Server VM (25.241-b07 mixed mode windows-amd64 compressed oops)
Heap:
 PSYoungGen      total 32256K, used 4564K [0x00000000eab00000, 0x00000000ece00000, 0x0000000100000000)
  eden space 29696K, 7% used [0x00000000eab00000,0x00000000ead50c70,0x00000000ec800000)
  from space 2560K, 85% used [0x00000000ecb80000,0x00000000ecda45c8,0x00000000ece00000)
  to   space 2560K, 0% used [0x00000000ec900000,0x00000000ec900000,0x00000000ecb80000)
 ParOldGen       total 68608K, used 10784K [0x00000000c0000000, 0x00000000c4300000, 0x00000000eab00000)
  object space 68608K, 15% used [0x00000000c0000000,0x00000000c0a880a0,0x00000000c4300000)
 Metaspace       used 26062K, capacity 27558K, committed 27776K, reserved 1073152K
  class space    used 2875K, capacity 3427K, committed 3456K, reserved 1048576K
GC Heap History (10 events):
Event: 10.263 GC heap before
{Heap before GC invocations=17 (full 1):
 PSYoungGen      total 31744K, used 31743K [0x00000000eab00000, 0x00000000ecd80000, 0x0000000100000000)
  eden space 30208K, 100% used [0x00000000eab00000,0x00000000ec880000,0x00000000ec880000)
  from space 1536K, 99% used [0x00000000ec900000,0x00000000eca7fe18,0x00000000eca80000)
  to   space 2560K, 0% used [0x00000000ecb00000,0x00000000ecb00000,0x00000000ecd80000)
 ParOldGen       total 68608K, used 8127K [0x00000000c0000000, 0x00000000c4300000, 0x00000000eab00000)
  object space 68608K, 11% used [0x00000000c0000000,0x00000000c07efe10,0x00000000c4300000)
 Metaspace       used 22629K, capacity 23824K, committed 24064K, reserved 1071104K
  class space    used 2419K, capacity 2780K, committed 2816K, reserved 1048576K
Event: 10.288 GC heap after
Heap after GC invocations=17 (full 1):
 PSYoungGen      total 32768K, used 1591K [0x00000000eab00000, 0x00000000ecd00000, 0x0000000100000000)
  eden space 30720K, 0% used [0x00000000eab00000,0x00000000eab00000,0x00000000ec900000)
  from space 2048K, 77% used [0x00000000ecb00000,0x00000000ecc8dff8,0x00000000ecd00000)
  to   space 2048K, 0% used [0x00000000ec900000,0x00000000ec900000,0x00000000ecb00000)
 ParOldGen       total 68608K, used 8394K [0x00000000c0000000, 0x00000000c4300000, 0x00000000eab00000)
  object space 68608K, 12% used [0x00000000c0000000,0x00000000c0832a78,0x00000000c4300000)
 Metaspace       used 22629K, capacity 23824K, committed 24064K, reserved 1071104K
  class space    used 2419K, capacity 2780K, committed 2816K, reserved 1048576K
}
Event: 10.610 GC heap before
{Heap before GC invocations=18 (full 1):
 PSYoungGen      total 32768K, used 32311K [0x00000000eab00000, 0x00000000ecd00000, 0x0000000100000000)
  eden space 30720K, 100% used [0x00000000eab00000,0x00000000ec900000,0x00000000ec900000)
  from space 2048K, 77% used [0x00000000ecb00000,0x00000000ecc8dff8,0x00000000ecd00000)
  to   space 2048K, 0% used [0x00000000ec900000,0x00000000ec900000,0x00000000ecb00000)
 ParOldGen       total 68608K, used 8394K [0x00000000c0000000, 0x00000000c4300000, 0x00000000eab00000)
  object space 68608K, 12% used [0x00000000c0000000,0x00000000c0832a78,0x00000000c4300000)
 Metaspace       used 23688K, capacity 24890K, committed 24960K, reserved 1071104K
  class space    used 2553K, capacity 2942K, committed 2944K, reserved 1048576K
Event: 10.613 GC heap after
Heap after GC invocations=18 (full 1):
 PSYoungGen      total 31744K, used 1473K [0x00000000eab00000, 0x00000000ecc80000, 0x0000000100000000)
  eden space 30208K, 0% used [0x00000000eab00000,0x00000000eab00000,0x00000000ec880000)
  from space 1536K, 95% used [0x00000000ec900000,0x00000000eca70570,0x00000000eca80000)
  to   space 2048K, 0% used [0x00000000eca80000,0x00000000eca80000,0x00000000ecc80000)
 ParOldGen       total 68608K, used 8671K [0x00000000c0000000, 0x00000000c4300000, 0x00000000eab00000)
  object space 68608K, 12% used [0x00000000c0000000,0x00000000c0877e88,0x00000000c4300000)
 Metaspace       used 23688K, capacity 24890K, committed 24960K, reserved 1071104K
  class space    used 2553K, capacity 2942K, committed 2944K, reserved 1048576K
}
Event: 10.902 GC heap before
{Heap before GC invocations=19 (full 1):
 PSYoungGen      total 31744K, used 31681K [0x00000000eab00000, 0x00000000ecc80000, 0x0000000100000000)
  eden space 30208K, 100% used [0x00000000eab00000,0x00000000ec880000,0x00000000ec880000)
  from space 1536K, 95% used [0x00000000ec900000,0x00000000eca70570,0x00000000eca80000)
  to   space 2048K, 0% used [0x00000000eca80000,0x00000000eca80000,0x00000000ecc80000)
 ParOldGen       total 68608K, used 8671K [0x00000000c0000000, 0x00000000c4300000, 0x00000000eab00000)
  object space 68608K, 12% used [0x00000000c0000000,0x00000000c0877e88,0x00000000c4300000)
 Metaspace       used 24643K, capacity 25864K, committed 26240K, reserved 1073152K
  class space    used 2692K, capacity 3074K, committed 3200K, reserved 1048576K
Event: 10.906 GC heap after
Heap after GC invocations=19 (full 1):
 PSYoungGen      total 32256K, used 1347K [0x00000000eab00000, 0x00000000ecc00000, 0x0000000100000000)
  eden space 30720K, 0% used [0x00000000eab00000,0x00000000eab00000,0x00000000ec900000)
  from space 1536K, 87% used [0x00000000eca80000,0x00000000ecbd0e00,0x00000000ecc00000)
  to   space 1536K, 0% used [0x00000000ec900000,0x00000000ec900000,0x00000000eca80000)
 ParOldGen       total 68608K, used 9079K [0x00000000c0000000, 0x00000000c4300000, 0x00000000eab00000)
  object space 68608K, 13% used [0x00000000c0000000,0x00000000c08dde88,0x00000000c4300000)
 Metaspace       used 24643K, capacity 25864K, committed 26240K, reserved 1073152K
  class space    used 2692K, capacity 3074K, committed 3200K, reserved 1048576K
}
Event: 11.421 GC heap before
{Heap before GC invocations=20 (full 1):
 PSYoungGen      total 32256K, used 32067K [0x00000000eab00000, 0x00000000ecc00000, 0x0000000100000000)
  eden space 30720K, 100% used [0x00000000eab00000,0x00000000ec900000,0x00000000ec900000)
  from space 1536K, 87% used [0x00000000eca80000,0x00000000ecbd0e00,0x00000000ecc00000)
  to   space 1536K, 0% used [0x00000000ec900000,0x00000000ec900000,0x00000000eca80000)
 ParOldGen       total 68608K, used 9079K [0x00000000c0000000, 0x00000000c4300000, 0x00000000eab00000)
  object space 68608K, 13% used [0x00000000c0000000,0x00000000c08dde88,0x00000000c4300000)
 Metaspace       used 25306K, capacity 26720K, committed 26880K, reserved 1073152K
  class space    used 2790K, capacity 3254K, committed 3328K, reserved 1048576K
Event: 11.425 GC heap after
Heap after GC invocations=20 (full 1):
 PSYoungGen      total 31744K, used 1512K [0x00000000eab00000, 0x00000000ece80000, 0x0000000100000000)
  eden space 30208K, 0% used [0x00000000eab00000,0x00000000eab00000,0x00000000ec880000)
  from space 1536K, 98% used [0x00000000ec900000,0x00000000eca7a3e0,0x00000000eca80000)
  to   space 3072K, 0% used [0x00000000ecb80000,0x00000000ecb80000,0x00000000ece80000)
 ParOldGen       total 68608K, used 10154K [0x00000000c0000000, 0x00000000c4300000, 0x00000000eab00000)
  object space 68608K, 14% used [0x00000000c0000000,0x00000000c09ea880,0x00000000c4300000)
 Metaspace       used 25306K, capacity 26720K, committed 26880K, reserved 1073152K
  class space    used 2790K, capacity 3254K, committed 3328K, reserved 1048576K
}
Event: 11.805 GC heap before
{Heap before GC invocations=21 (full 1):
 PSYoungGen      total 31744K, used 31720K [0x00000000eab00000, 0x00000000ece80000, 0x0000000100000000)
  eden space 30208K, 100% used [0x00000000eab00000,0x00000000ec880000,0x00000000ec880000)
  from space 1536K, 98% used [0x00000000ec900000,0x00000000eca7a3e0,0x00000000eca80000)
  to   space 3072K, 0% used [0x00000000ecb80000,0x00000000ecb80000,0x00000000ece80000)
 ParOldGen       total 68608K, used 10154K [0x00000000c0000000, 0x00000000c4300000, 0x00000000eab00000)
  object space 68608K, 14% used [0x00000000c0000000,0x00000000c09ea880,0x00000000c4300000)
 Metaspace       used 25993K, capacity 27462K, committed 27776K, reserved 1073152K
  class space    used 2874K, capacity 3395K, committed 3456K, reserved 1048576K
Event: 11.824 GC heap after
Heap after GC invocations=21 (full 1):
 PSYoungGen      total 32256K, used 2193K [0x00000000eab00000, 0x00000000ece00000, 0x0000000100000000)
  eden space 29696K, 0% used [0x00000000eab00000,0x00000000eab00000,0x00000000ec800000)
  from space 2560K, 85% used [0x00000000ecb80000,0x00000000ecda45c8,0x00000000ece00000)
  to   space 2560K, 0% used [0x00000000ec900000,0x00000000ec900000,0x00000000ecb80000)
 ParOldGen       total 68608K, used 10784K [0x00000000c0000000, 0x00000000c4300000, 0x00000000eab00000)
  object space 68608K, 15% used [0x00000000c0000000,0x00000000c0a880a0,0x00000000c4300000)
 Metaspace       used 25993K, capacity 27462K, committed 27776K, reserved 1073152K
  class space    used 2874K, capacity 3395K, committed 3456K, reserved 1048576K
}

